<?xml version="1.0" encoding="UTF-8"?>
<!-- Generated by org.testng.reporters.JUnitXMLReporter -->
<testsuite ignored="3" hostname="DESKTOP-UUPIJUK" failures="0" tests="1" name="Default test" time="43.521" errors="0" timestamp="2022-06-16T22:19:19 WIB">
  <testcase classname="com.nextsoft.testcom.user.CreateAccountTest" name="testElement" time="27.757"/>
  <testcase classname="com.nextsoft.testcom.user.CreateAccountTest" name="cekEmailErrorEmpby" time="0.0">
    <ignored/>
  </testcase> <!-- cekEmailErrorEmpby -->
  <testcase classname="com.nextsoft.testcom.user.CreateAccountTest" name="cekEmailErrorInvalid" time="0.0">
    <ignored/>
  </testcase> <!-- cekEmailErrorInvalid -->
  <testcase classname="com.nextsoft.testcom.user.CreateAccountTest" name="createAccountValidEmail" time="0.0">
    <ignored/>
  </testcase> <!-- createAccountValidEmail -->
</testsuite> <!-- Default test -->
