<?xml version="1.0" encoding="UTF-8"?>
<testng-results ignored="3" total="4" passed="1" failed="0" skipped="0">
  <reporter-output>
  </reporter-output>
  <suite started-at="2022-06-16T22:18:35 WIB" name="Default suite" finished-at="2022-06-16T22:19:19 WIB" duration-ms="43521">
    <groups>
    </groups>
    <test started-at="2022-06-16T22:18:35 WIB" name="Default test" finished-at="2022-06-16T22:19:19 WIB" duration-ms="43521">
      <class name="com.nextsoft.testcom.user.CreateAccountTest">
        <test-method is-config="true" signature="initial()[pri:0, instance:com.nextsoft.testcom.user.CreateAccountTest@537f60bf]" started-at="2022-06-16T22:18:35 WIB" name="initial" finished-at="2022-06-16T22:18:46 WIB" duration-ms="10739" status="PASS">
          <reporter-output>
          </reporter-output>
        </test-method> <!-- initial -->
        <test-method is-config="true" signature="cekSession()[pri:0, instance:com.nextsoft.testcom.user.CreateAccountTest@537f60bf]" started-at="2022-06-16T22:18:46 WIB" name="cekSession" finished-at="2022-06-16T22:18:51 WIB" duration-ms="4989" status="PASS">
          <reporter-output>
          </reporter-output>
        </test-method> <!-- cekSession -->
        <test-method signature="testElement()[pri:10, instance:com.nextsoft.testcom.user.CreateAccountTest@537f60bf]" started-at="2022-06-16T22:18:51 WIB" name="testElement" finished-at="2022-06-16T22:19:19 WIB" duration-ms="27757" status="PASS">
          <reporter-output>
          </reporter-output>
        </test-method> <!-- testElement -->
      </class> <!-- com.nextsoft.testcom.user.CreateAccountTest -->
    </test> <!-- Default test -->
  </suite> <!-- Default suite -->
</testng-results>
