<?xml version="1.0" encoding="UTF-8"?>
<testng-results ignored="0" total="9" passed="9" failed="0" skipped="0">
  <reporter-output>
    <line>
      <![CDATA[<img src = 'file://D:\TestScreenshoot\20220617_162217.png'height="350" width="700"/>]]>
    </line>
    <line>
      <![CDATA[<img src = 'file://D:\TestScreenshoot\20220617_162222.png'height="350" width="700"/>]]>
    </line>
    <line>
      <![CDATA[<img src = 'file://D:\TestScreenshoot\20220617_162227.png'height="350" width="700"/>]]>
    </line>
    <line>
      <![CDATA[<img src = 'file://D:\TestScreenshoot\20220617_162231.png'height="350" width="700"/>]]>
    </line>
    <line>
      <![CDATA[<img src = 'file://D:\TestScreenshoot\20220617_162236.png'height="350" width="700"/>]]>
    </line>
    <line>
      <![CDATA[<img src = 'file://D:\TestScreenshoot\20220617_162240.png'height="350" width="700"/>]]>
    </line>
    <line>
      <![CDATA[<img src = 'file://D:\TestScreenshoot\20220617_162245.png'height="350" width="700"/>]]>
    </line>
    <line>
      <![CDATA[<img src = 'file://D:\TestScreenshoot\20220617_162249.png'height="350" width="700"/>]]>
    </line>
  </reporter-output>
  <suite started-at="2022-06-17T16:22:10 ICT" name="Default suite" finished-at="2022-06-17T16:22:53 ICT" duration-ms="43084">
    <groups>
    </groups>
    <test started-at="2022-06-17T16:22:10 ICT" name="Default test" finished-at="2022-06-17T16:22:53 ICT" duration-ms="43084">
      <class name="com.nextsoft.testcom.userLogin.AccountTest">
        <test-method is-config="true" signature="initial()[pri:0, instance:com.nextsoft.testcom.userLogin.AccountTest@791f145a]" started-at="2022-06-17T16:22:10 ICT" name="initial" finished-at="2022-06-17T16:22:13 ICT" duration-ms="2971" status="PASS">
          <reporter-output>
          </reporter-output>
        </test-method> <!-- initial -->
        <test-method is-config="true" signature="cekSession()[pri:0, instance:com.nextsoft.testcom.userLogin.AccountTest@791f145a]" started-at="2022-06-17T16:22:13 ICT" name="cekSession" finished-at="2022-06-17T16:22:13 ICT" duration-ms="226" status="PASS">
          <reporter-output>
          </reporter-output>
        </test-method> <!-- cekSession -->
        <test-method signature="testRegister_WithEmptyDatadUserInformation()[pri:1, instance:com.nextsoft.testcom.userLogin.AccountTest@791f145a]" started-at="2022-06-17T16:22:13 ICT" name="testRegister_WithEmptyDatadUserInformation" finished-at="2022-06-17T16:22:17 ICT" duration-ms="3810" status="PASS">
          <reporter-output>
            <line>
              <![CDATA[<img src = 'file://D:\TestScreenshoot\20220617_162217.png'height="350" width="700"/>]]>
            </line>
          </reporter-output>
        </test-method> <!-- testRegister_WithEmptyDatadUserInformation -->
        <test-method is-config="true" signature="cekSession()[pri:0, instance:com.nextsoft.testcom.userLogin.AccountTest@791f145a]" started-at="2022-06-17T16:22:17 ICT" name="cekSession" finished-at="2022-06-17T16:22:17 ICT" duration-ms="67" status="PASS">
          <reporter-output>
          </reporter-output>
        </test-method> <!-- cekSession -->
        <test-method signature="testRegisterWithInvalidUserID()[pri:2, instance:com.nextsoft.testcom.userLogin.AccountTest@791f145a]" started-at="2022-06-17T16:22:17 ICT" name="testRegisterWithInvalidUserID" finished-at="2022-06-17T16:22:22 ICT" duration-ms="5100" status="PASS">
          <reporter-output>
            <line>
              <![CDATA[<img src = 'file://D:\TestScreenshoot\20220617_162222.png'height="350" width="700"/>]]>
            </line>
          </reporter-output>
        </test-method> <!-- testRegisterWithInvalidUserID -->
        <test-method is-config="true" signature="cekSession()[pri:0, instance:com.nextsoft.testcom.userLogin.AccountTest@791f145a]" started-at="2022-06-17T16:22:22 ICT" name="cekSession" finished-at="2022-06-17T16:22:22 ICT" duration-ms="28" status="PASS">
          <reporter-output>
          </reporter-output>
        </test-method> <!-- cekSession -->
        <test-method signature="testRegisterWithInvalidRepreatPassword()[pri:3, instance:com.nextsoft.testcom.userLogin.AccountTest@791f145a]" started-at="2022-06-17T16:22:22 ICT" name="testRegisterWithInvalidRepreatPassword" finished-at="2022-06-17T16:22:27 ICT" duration-ms="4562" status="PASS">
          <reporter-output>
            <line>
              <![CDATA[<img src = 'file://D:\TestScreenshoot\20220617_162227.png'height="350" width="700"/>]]>
            </line>
          </reporter-output>
        </test-method> <!-- testRegisterWithInvalidRepreatPassword -->
        <test-method is-config="true" signature="cekSession()[pri:0, instance:com.nextsoft.testcom.userLogin.AccountTest@791f145a]" started-at="2022-06-17T16:22:27 ICT" name="cekSession" finished-at="2022-06-17T16:22:27 ICT" duration-ms="80" status="PASS">
          <reporter-output>
          </reporter-output>
        </test-method> <!-- cekSession -->
        <test-method signature="testRegisterWith_invalidEmail()[pri:4, instance:com.nextsoft.testcom.userLogin.AccountTest@791f145a]" started-at="2022-06-17T16:22:27 ICT" name="testRegisterWith_invalidEmail" finished-at="2022-06-17T16:22:31 ICT" duration-ms="4570" status="PASS">
          <reporter-output>
            <line>
              <![CDATA[<img src = 'file://D:\TestScreenshoot\20220617_162231.png'height="350" width="700"/>]]>
            </line>
          </reporter-output>
        </test-method> <!-- testRegisterWith_invalidEmail -->
        <test-method is-config="true" signature="cekSession()[pri:0, instance:com.nextsoft.testcom.userLogin.AccountTest@791f145a]" started-at="2022-06-17T16:22:31 ICT" name="cekSession" finished-at="2022-06-17T16:22:31 ICT" duration-ms="42" status="PASS">
          <reporter-output>
          </reporter-output>
        </test-method> <!-- cekSession -->
        <test-method signature="testRegisterWith_invalidPhone_huruf()[pri:5, instance:com.nextsoft.testcom.userLogin.AccountTest@791f145a]" started-at="2022-06-17T16:22:31 ICT" name="testRegisterWith_invalidPhone_huruf" finished-at="2022-06-17T16:22:36 ICT" duration-ms="4456" status="PASS">
          <reporter-output>
            <line>
              <![CDATA[<img src = 'file://D:\TestScreenshoot\20220617_162236.png'height="350" width="700"/>]]>
            </line>
          </reporter-output>
        </test-method> <!-- testRegisterWith_invalidPhone_huruf -->
        <test-method is-config="true" signature="cekSession()[pri:0, instance:com.nextsoft.testcom.userLogin.AccountTest@791f145a]" started-at="2022-06-17T16:22:36 ICT" name="cekSession" finished-at="2022-06-17T16:22:36 ICT" duration-ms="36" status="PASS">
          <reporter-output>
          </reporter-output>
        </test-method> <!-- cekSession -->
        <test-method signature="testRegisterWith_invalidPhone_symbol()[pri:6, instance:com.nextsoft.testcom.userLogin.AccountTest@791f145a]" started-at="2022-06-17T16:22:36 ICT" name="testRegisterWith_invalidPhone_symbol" finished-at="2022-06-17T16:22:40 ICT" duration-ms="4463" status="PASS">
          <reporter-output>
            <line>
              <![CDATA[<img src = 'file://D:\TestScreenshoot\20220617_162240.png'height="350" width="700"/>]]>
            </line>
          </reporter-output>
        </test-method> <!-- testRegisterWith_invalidPhone_symbol -->
        <test-method is-config="true" signature="cekSession()[pri:0, instance:com.nextsoft.testcom.userLogin.AccountTest@791f145a]" started-at="2022-06-17T16:22:40 ICT" name="cekSession" finished-at="2022-06-17T16:22:40 ICT" duration-ms="36" status="PASS">
          <reporter-output>
          </reporter-output>
        </test-method> <!-- cekSession -->
        <test-method signature="testRegisterWith_invalidZip_Huruf()[pri:7, instance:com.nextsoft.testcom.userLogin.AccountTest@791f145a]" started-at="2022-06-17T16:22:40 ICT" name="testRegisterWith_invalidZip_Huruf" finished-at="2022-06-17T16:22:45 ICT" duration-ms="4292" status="PASS">
          <reporter-output>
            <line>
              <![CDATA[<img src = 'file://D:\TestScreenshoot\20220617_162245.png'height="350" width="700"/>]]>
            </line>
          </reporter-output>
        </test-method> <!-- testRegisterWith_invalidZip_Huruf -->
        <test-method is-config="true" signature="cekSession()[pri:0, instance:com.nextsoft.testcom.userLogin.AccountTest@791f145a]" started-at="2022-06-17T16:22:45 ICT" name="cekSession" finished-at="2022-06-17T16:22:45 ICT" duration-ms="35" status="PASS">
          <reporter-output>
          </reporter-output>
        </test-method> <!-- cekSession -->
        <test-method signature="testRegisterWith_invalidZip_symbol()[pri:8, instance:com.nextsoft.testcom.userLogin.AccountTest@791f145a]" started-at="2022-06-17T16:22:45 ICT" name="testRegisterWith_invalidZip_symbol" finished-at="2022-06-17T16:22:49 ICT" duration-ms="4394" status="PASS">
          <reporter-output>
            <line>
              <![CDATA[<img src = 'file://D:\TestScreenshoot\20220617_162249.png'height="350" width="700"/>]]>
            </line>
          </reporter-output>
        </test-method> <!-- testRegisterWith_invalidZip_symbol -->
        <test-method is-config="true" signature="cekSession()[pri:0, instance:com.nextsoft.testcom.userLogin.AccountTest@791f145a]" started-at="2022-06-17T16:22:49 ICT" name="cekSession" finished-at="2022-06-17T16:22:49 ICT" duration-ms="105" status="PASS">
          <reporter-output>
          </reporter-output>
        </test-method> <!-- cekSession -->
        <test-method signature="testRegisterWith_ValidUserInformation()[pri:9, instance:com.nextsoft.testcom.userLogin.AccountTest@791f145a]" started-at="2022-06-17T16:22:49 ICT" name="testRegisterWith_ValidUserInformation" finished-at="2022-06-17T16:22:53 ICT" duration-ms="3721" status="PASS">
          <reporter-output>
          </reporter-output>
        </test-method> <!-- testRegisterWith_ValidUserInformation -->
      </class> <!-- com.nextsoft.testcom.userLogin.AccountTest -->
    </test> <!-- Default test -->
  </suite> <!-- Default suite -->
</testng-results>
